client 2023-07-30 20:16:31,231 [INFO] Creating output directory '/home/arjun/results_dir/valid_results/phoenix_Amd_Am5-reference-cpu-pytorch-v1.13.1-default_config/rnnt/offline/performance/tmp_power'
client 2023-07-30 20:16:31,261 [INFO] Sending command to the server: 'mlcommons/power client v3'
client 2023-07-30 20:16:31,264 [INFO] Got response: 'mlcommons/power server v3'
client 2023-07-30 20:16:31,264 [INFO] Synchronizing with the server and with time.google.com...
client 2023-07-30 20:16:31,291 [INFO] NTP:offset = 0.000 s, delay = 0.015 s 
client 2023-07-30 20:16:31,291 [INFO] Sending command to the server: 'time'
client 2023-07-30 20:16:31,296 [INFO] Got response: '1690744591.248538'
client 2023-07-30 20:16:31,296 [INFO] The time difference between the client and the server is within range 43.352 ms..48.036 ms
client 2023-07-30 20:16:31,296 [INFO] Sending command to the server: 'new,,cdb45576-3039-4a31-80c4-cd626fc12b95'
client 2023-07-30 20:16:31,299 [INFO] Got response: 'OK 2023-07-30_20-16-31,5c483094-900e-4177-915c-395250f5b199'
client 2023-07-30 20:16:31,299 [INFO] Session id is '2023-07-30_20-16-31'
client 2023-07-30 20:16:31,299 [INFO] Sources: {"sources": {"__init__.py": "da39a3ee5e6b4b0d3255bfef95601890afd80709", "client.py": "33ca4f26368777ac06e01f9567b714a4b8063886", "lib/__init__.py": "da39a3ee5e6b4b0d3255bfef95601890afd80709", "lib/client.py": "ac2aa093c8e8bbc9569b9e2a3471bc64e58a2258", "lib/common.py": "611d8b29633d331eb19c9455ea3b5fa3284ed6df", "lib/external/__init__.py": "da39a3ee5e6b4b0d3255bfef95601890afd80709", "lib/external/ntplib.py": "4da8f970656505a40483206ef2b5d3dd5e81711d", "lib/server.py": "c7af63c31bb2fbedea4345f571f6e3507d268ada", "lib/source_hashes.py": "60a2e02193209e8d392803326208d5466342da18", "lib/summary.py": "aa92f0a3f975eecd44d3c0cd0236342ccc9f941d", "lib/time_sync.py": "122eba67a9abc85635223e054def53be1367ade2", "server.py": "c3f90f2f7eeb4db30727556d0c815ebc89b3d28b", "tests/unit/__init__.py": "da39a3ee5e6b4b0d3255bfef95601890afd80709", "tests/unit/test_server.py": "948c1995d4008bc2aa6c4046a34ffa3858d6d671", "tests/unit/test_source_hashes.py": "00468a2907583c593e6574a1f6b404e4651c221a"}, "modules": {"ptd_client_server.lib.client": "lib/client.py", "ptd_client_server.lib.common": "lib/common.py", "ptd_client_server.lib.external.ntplib": "lib/external/ntplib.py", "ptd_client_server.lib.source_hashes": "lib/source_hashes.py", "ptd_client_server.lib.summary": "lib/summary.py", "ptd_client_server.lib.time_sync": "lib/time_sync.py"}}
client 2023-07-30 20:16:31,299 [INFO] Running workload in ranging mode
client 2023-07-30 20:16:31,299 [INFO] Synchronizing with the server and with time.google.com...
client 2023-07-30 20:16:31,317 [INFO] NTP:offset = -0.001 s, delay = 0.018 s 
client 2023-07-30 20:16:31,317 [INFO] Sending command to the server: 'time'
client 2023-07-30 20:16:31,318 [INFO] Got response: '1690744591.2688315'
client 2023-07-30 20:16:31,319 [INFO] The time difference between the client and the server is within range 48.498 ms..50.166 ms
client 2023-07-30 20:16:31,319 [INFO] Sending command to the server: 'session,2023-07-30_20-16-31,start,ranging'
client 2023-07-30 20:16:55,191 [INFO] Got response: 'OK'
client 2023-07-30 20:16:55,191 [INFO] Sending command to the server: 'time'
client 2023-07-30 20:16:55,194 [INFO] Got response: '1690744615.1406312'
client 2023-07-30 20:16:55,194 [INFO] The time difference between the client and the server is within range 50.603 ms..53.745 ms
client 2023-07-30 20:16:55,194 [INFO] Running the workload 'CM_MLPERF_RUN_COUNT=$(cat ${CM_RUN_DIR}/count.txt); echo ${CM_MLPERF_RUN_COUNT}; CM_MLPERF_RUN_COUNT=$((CM_MLPERF_RUN_COUNT+1)); echo ${CM_MLPERF_RUN_COUNT} > ${CM_RUN_DIR}/count.txt && if [ ${CM_MLPERF_RUN_COUNT} -eq "1" ]; then export CM_MLPERF_USER_CONF=${CM_MLPERF_RANGING_USER_CONF}; else export CM_MLPERF_USER_CONF=${CM_MLPERF_TESTING_USER_CONF}; fi && cd "/home/arjun/CM/repos/local/cache/b4b22ded88944794/inference/speech_recognition/rnnt" && /usr/bin/python3 run.py --backend pytorch --scenario Offline --manifest /home/arjun/CM/repos/local/cache/ee3a4c2eb4da4157/dev-clean-wav.json --dataset_dir /home/arjun/CM/repos/local/cache/ee3a4c2eb4da4157/dev-clean-wav/.. --pytorch_config_toml pytorch/configs/rnnt.toml --pytorch_checkpoint /home/arjun/CM/repos/local/cache/b7e593f5224445ef/DistributedDataParallel_1576581068.9962234-epoch-100.pt --log_dir /home/arjun/results_dir/valid_results/phoenix_Amd_Am5-reference-cpu-pytorch-v1.13.1-default_config/rnnt/offline/performance/run_1 --mlperf_conf "/home/arjun/CM/repos/local/cache/b4b22ded88944794/inference/mlperf.conf" --user_conf "${CM_MLPERF_USER_CONF}"'
client 2023-07-30 20:22:04,384 [INFO] Sending command to the server: 'time'
client 2023-07-30 20:22:04,387 [INFO] Got response: '1690744924.3317502'
client 2023-07-30 20:22:04,387 [INFO] The time difference between the client and the server is within range 52.508 ms..55.686 ms
client 2023-07-30 20:22:04,387 [INFO] Sending command to the server: 'session,2023-07-30_20-16-31,stop,ranging'
client 2023-07-30 20:22:15,791 [INFO] Got response: 'OK'
client 2023-07-30 20:22:15,791 [INFO] Sending command to the server: 'time'
client 2023-07-30 20:22:15,795 [INFO] Got response: '1690744935.7445078'
client 2023-07-30 20:22:15,795 [INFO] The time difference between the client and the server is within range 46.934 ms..51.049 ms
client 2023-07-30 20:22:15,798 [INFO] Copying loadgen logs from '/home/arjun/results_dir/valid_results/phoenix_Amd_Am5-reference-cpu-pytorch-v1.13.1-default_config/rnnt/offline/performance/run_1' to '/home/arjun/results_dir/valid_results/phoenix_Amd_Am5-reference-cpu-pytorch-v1.13.1-default_config/rnnt/offline/performance/tmp_power/ranging'
client 2023-07-30 20:22:15,798 [INFO] Running workload in testing mode
client 2023-07-30 20:22:15,798 [INFO] Synchronizing with the server and with time.google.com...
client 2023-07-30 20:22:15,813 [INFO] NTP:offset = -0.001 s, delay = 0.014 s 
client 2023-07-30 20:22:15,813 [INFO] Sending command to the server: 'time'
client 2023-07-30 20:22:15,815 [INFO] Got response: '1690744935.7649362'
client 2023-07-30 20:22:15,815 [INFO] The time difference between the client and the server is within range 48.595 ms..50.675 ms
client 2023-07-30 20:22:15,815 [INFO] Sending command to the server: 'session,2023-07-30_20-16-31,start,testing'
client 2023-07-30 20:22:28,864 [INFO] Got response: 'OK'
client 2023-07-30 20:22:28,864 [INFO] Sending command to the server: 'time'
client 2023-07-30 20:22:28,867 [INFO] Got response: '1690744948.8135583'
client 2023-07-30 20:22:28,867 [INFO] The time difference between the client and the server is within range 51.350 ms..54.136 ms
client 2023-07-30 20:22:28,867 [INFO] Running the workload 'CM_MLPERF_RUN_COUNT=$(cat ${CM_RUN_DIR}/count.txt); echo ${CM_MLPERF_RUN_COUNT}; CM_MLPERF_RUN_COUNT=$((CM_MLPERF_RUN_COUNT+1)); echo ${CM_MLPERF_RUN_COUNT} > ${CM_RUN_DIR}/count.txt && if [ ${CM_MLPERF_RUN_COUNT} -eq "1" ]; then export CM_MLPERF_USER_CONF=${CM_MLPERF_RANGING_USER_CONF}; else export CM_MLPERF_USER_CONF=${CM_MLPERF_TESTING_USER_CONF}; fi && cd "/home/arjun/CM/repos/local/cache/b4b22ded88944794/inference/speech_recognition/rnnt" && /usr/bin/python3 run.py --backend pytorch --scenario Offline --manifest /home/arjun/CM/repos/local/cache/ee3a4c2eb4da4157/dev-clean-wav.json --dataset_dir /home/arjun/CM/repos/local/cache/ee3a4c2eb4da4157/dev-clean-wav/.. --pytorch_config_toml pytorch/configs/rnnt.toml --pytorch_checkpoint /home/arjun/CM/repos/local/cache/b7e593f5224445ef/DistributedDataParallel_1576581068.9962234-epoch-100.pt --log_dir /home/arjun/results_dir/valid_results/phoenix_Amd_Am5-reference-cpu-pytorch-v1.13.1-default_config/rnnt/offline/performance/run_1 --mlperf_conf "/home/arjun/CM/repos/local/cache/b4b22ded88944794/inference/mlperf.conf" --user_conf "${CM_MLPERF_USER_CONF}"'
client 2023-07-30 21:54:15,701 [INFO] Sending command to the server: 'time'
client 2023-07-30 21:54:15,703 [INFO] Got response: '1690750455.5907285'
client 2023-07-30 21:54:15,703 [INFO] The time difference between the client and the server is within range 110.560 ms..112.840 ms
client 2023-07-30 21:54:15,703 [INFO] Sending command to the server: 'session,2023-07-30_20-16-31,stop,testing'
client 2023-07-30 21:54:26,494 [INFO] Got response: 'OK'
client 2023-07-30 21:54:26,494 [INFO] Sending command to the server: 'time'
client 2023-07-30 21:54:26,496 [INFO] Got response: '1690750466.3888464'
client 2023-07-30 21:54:26,496 [INFO] The time difference between the client and the server is within range 106.029 ms..108.115 ms
client 2023-07-30 21:54:26,497 [INFO] Copying loadgen logs from '/home/arjun/results_dir/valid_results/phoenix_Amd_Am5-reference-cpu-pytorch-v1.13.1-default_config/rnnt/offline/performance/run_1' to '/home/arjun/results_dir/valid_results/phoenix_Amd_Am5-reference-cpu-pytorch-v1.13.1-default_config/rnnt/offline/performance/tmp_power/run_1'
client 2023-07-30 21:54:26,497 [INFO] Done runs
