client 2023-07-31 16:08:19,528 [INFO] Creating output directory '/home/arjun/results_dir/valid_results/phoenix_Amd_Am5-reference-cpu-pytorch-v2.0.1-default_config/bert-99/offline/performance/tmp_power'
client 2023-07-31 16:08:19,530 [INFO] Sending command to the server: 'mlcommons/power client v3'
client 2023-07-31 16:08:19,534 [INFO] Got response: 'mlcommons/power server v3'
client 2023-07-31 16:08:19,534 [INFO] Synchronizing with the server and with time.google.com...
client 2023-07-31 16:08:19,560 [INFO] NTP:offset = -0.004 s, delay = 0.013 s 
client 2023-07-31 16:08:19,560 [INFO] Sending command to the server: 'time'
client 2023-07-31 16:08:19,563 [INFO] Got response: '1690816099.2849844'
client 2023-07-31 16:08:19,563 [INFO] The time difference between the client and the server is within range 275.420 ms..278.920 ms
client 2023-07-31 16:08:19,563 [WARNING] The time difference between the client and the server is more than 200 ms
client 2023-07-31 16:08:19,563 [INFO] Sending command to the server: 'set_ntp'
client 2023-07-31 16:08:20,604 [INFO] Got response: 'OK'
client 2023-07-31 16:08:20,605 [INFO] Synchronizing with time.google.com time using NTP...
client 2023-07-31 16:08:29,131 [INFO] Set system time at 2023-07-31 16:08:29.131904
client 2023-07-31 16:08:29,157 [INFO] NTP:offset = -0.002 s, delay = 0.013 s 
client 2023-07-31 16:08:29,158 [INFO] Sending command to the server: 'time'
client 2023-07-31 16:08:29,246 [INFO] Got response: '1690816109.24291'
client 2023-07-31 16:08:29,247 [INFO] The time difference between the client and the server is within range -84.901 ms..4.119 ms
client 2023-07-31 16:08:29,247 [INFO] Sending command to the server: 'new,,1f536e10-908c-4689-ab90-02de997026a5'
client 2023-07-31 16:08:29,252 [INFO] Got response: 'OK 2023-07-31_16-08-29,b63400da-6692-471a-901b-349d05974f83'
client 2023-07-31 16:08:29,252 [INFO] Session id is '2023-07-31_16-08-29'
client 2023-07-31 16:08:29,252 [INFO] Sources: {"sources": {"__init__.py": "da39a3ee5e6b4b0d3255bfef95601890afd80709", "client.py": "33ca4f26368777ac06e01f9567b714a4b8063886", "lib/__init__.py": "da39a3ee5e6b4b0d3255bfef95601890afd80709", "lib/client.py": "ac2aa093c8e8bbc9569b9e2a3471bc64e58a2258", "lib/common.py": "611d8b29633d331eb19c9455ea3b5fa3284ed6df", "lib/external/__init__.py": "da39a3ee5e6b4b0d3255bfef95601890afd80709", "lib/external/ntplib.py": "4da8f970656505a40483206ef2b5d3dd5e81711d", "lib/server.py": "c7af63c31bb2fbedea4345f571f6e3507d268ada", "lib/source_hashes.py": "60a2e02193209e8d392803326208d5466342da18", "lib/summary.py": "aa92f0a3f975eecd44d3c0cd0236342ccc9f941d", "lib/time_sync.py": "122eba67a9abc85635223e054def53be1367ade2", "server.py": "c3f90f2f7eeb4db30727556d0c815ebc89b3d28b", "tests/unit/__init__.py": "da39a3ee5e6b4b0d3255bfef95601890afd80709", "tests/unit/test_server.py": "948c1995d4008bc2aa6c4046a34ffa3858d6d671", "tests/unit/test_source_hashes.py": "00468a2907583c593e6574a1f6b404e4651c221a"}, "modules": {"ptd_client_server.lib.client": "lib/client.py", "ptd_client_server.lib.common": "lib/common.py", "ptd_client_server.lib.external.ntplib": "lib/external/ntplib.py", "ptd_client_server.lib.source_hashes": "lib/source_hashes.py", "ptd_client_server.lib.summary": "lib/summary.py", "ptd_client_server.lib.time_sync": "lib/time_sync.py"}}
client 2023-07-31 16:08:29,252 [INFO] Running workload in ranging mode
client 2023-07-31 16:08:29,252 [INFO] Synchronizing with the server and with time.google.com...
client 2023-07-31 16:08:29,267 [INFO] NTP:offset = -0.001 s, delay = 0.014 s 
client 2023-07-31 16:08:29,267 [INFO] Sending command to the server: 'time'
client 2023-07-31 16:08:29,269 [INFO] Got response: '1690816109.2631779'
client 2023-07-31 16:08:29,269 [INFO] The time difference between the client and the server is within range 4.094 ms..6.097 ms
client 2023-07-31 16:08:29,269 [INFO] Sending command to the server: 'session,2023-07-31_16-08-29,start,ranging'
client 2023-07-31 16:08:53,144 [INFO] Got response: 'OK'
client 2023-07-31 16:08:53,145 [INFO] Sending command to the server: 'time'
client 2023-07-31 16:08:53,147 [INFO] Got response: '1690816133.139508'
client 2023-07-31 16:08:53,147 [INFO] The time difference between the client and the server is within range 5.491 ms..7.739 ms
client 2023-07-31 16:08:53,147 [INFO] Running the workload 'CM_MLPERF_RUN_COUNT=$(cat ${CM_RUN_DIR}/count.txt); echo ${CM_MLPERF_RUN_COUNT}; CM_MLPERF_RUN_COUNT=$((CM_MLPERF_RUN_COUNT+1)); echo ${CM_MLPERF_RUN_COUNT} > ${CM_RUN_DIR}/count.txt && if [ ${CM_MLPERF_RUN_COUNT} -eq "1" ]; then export CM_MLPERF_USER_CONF=${CM_MLPERF_RANGING_USER_CONF}; else export CM_MLPERF_USER_CONF=${CM_MLPERF_TESTING_USER_CONF}; fi && cd "/home/arjun/CM/repos/local/cache/b4b22ded88944794/inference/language/bert" && /usr/bin/python3 run.py --backend=pytorch --scenario=Offline --mlperf_conf "/home/arjun/CM/repos/local/cache/b4b22ded88944794/inference/mlperf.conf" --user_conf "${CM_MLPERF_USER_CONF}"'
client 2023-07-31 16:14:36,093 [INFO] Sending command to the server: 'time'
client 2023-07-31 16:14:36,098 [INFO] Got response: '1690816476.0867572'
client 2023-07-31 16:14:36,098 [INFO] The time difference between the client and the server is within range 6.645 ms..11.898 ms
client 2023-07-31 16:14:36,098 [INFO] Sending command to the server: 'session,2023-07-31_16-08-29,stop,ranging'
client 2023-07-31 16:14:46,446 [INFO] Got response: 'OK'
client 2023-07-31 16:14:46,446 [INFO] Sending command to the server: 'time'
client 2023-07-31 16:14:46,448 [INFO] Got response: '1690816486.4349525'
client 2023-07-31 16:14:46,448 [INFO] The time difference between the client and the server is within range 11.979 ms..13.699 ms
client 2023-07-31 16:14:46,451 [INFO] Copying loadgen logs from '/home/arjun/results_dir/valid_results/phoenix_Amd_Am5-reference-cpu-pytorch-v2.0.1-default_config/bert-99/offline/performance/run_1' to '/home/arjun/results_dir/valid_results/phoenix_Amd_Am5-reference-cpu-pytorch-v2.0.1-default_config/bert-99/offline/performance/tmp_power/ranging'
client 2023-07-31 16:14:46,451 [INFO] Running workload in testing mode
client 2023-07-31 16:14:46,451 [INFO] Synchronizing with the server and with time.google.com...
client 2023-07-31 16:14:46,470 [INFO] NTP:offset = 0.000 s, delay = 0.018 s 
client 2023-07-31 16:14:46,470 [INFO] Sending command to the server: 'time'
client 2023-07-31 16:14:46,472 [INFO] Got response: '1690816486.455887'
client 2023-07-31 16:14:46,472 [INFO] The time difference between the client and the server is within range 14.490 ms..16.557 ms
client 2023-07-31 16:14:46,472 [INFO] Sending command to the server: 'session,2023-07-31_16-08-29,start,testing'
client 2023-07-31 16:14:59,535 [INFO] Got response: 'OK'
client 2023-07-31 16:14:59,535 [INFO] Sending command to the server: 'time'
client 2023-07-31 16:14:59,538 [INFO] Got response: '1690816499.527104'
client 2023-07-31 16:14:59,538 [INFO] The time difference between the client and the server is within range 8.748 ms..11.400 ms
client 2023-07-31 16:14:59,538 [INFO] Running the workload 'CM_MLPERF_RUN_COUNT=$(cat ${CM_RUN_DIR}/count.txt); echo ${CM_MLPERF_RUN_COUNT}; CM_MLPERF_RUN_COUNT=$((CM_MLPERF_RUN_COUNT+1)); echo ${CM_MLPERF_RUN_COUNT} > ${CM_RUN_DIR}/count.txt && if [ ${CM_MLPERF_RUN_COUNT} -eq "1" ]; then export CM_MLPERF_USER_CONF=${CM_MLPERF_RANGING_USER_CONF}; else export CM_MLPERF_USER_CONF=${CM_MLPERF_TESTING_USER_CONF}; fi && cd "/home/arjun/CM/repos/local/cache/b4b22ded88944794/inference/language/bert" && /usr/bin/python3 run.py --backend=pytorch --scenario=Offline --mlperf_conf "/home/arjun/CM/repos/local/cache/b4b22ded88944794/inference/mlperf.conf" --user_conf "${CM_MLPERF_USER_CONF}"'
client 2023-07-31 18:02:15,974 [INFO] Sending command to the server: 'time'
client 2023-07-31 18:02:15,977 [INFO] Got response: '1690822935.8994415'
client 2023-07-31 18:02:15,977 [INFO] The time difference between the client and the server is within range 74.654 ms..78.199 ms
client 2023-07-31 18:02:15,977 [INFO] Sending command to the server: 'session,2023-07-31_16-08-29,stop,testing'
client 2023-07-31 18:02:27,562 [INFO] Got response: 'OK'
client 2023-07-31 18:02:27,562 [INFO] Sending command to the server: 'time'
client 2023-07-31 18:02:27,564 [INFO] Got response: '1690822947.4874651'
client 2023-07-31 18:02:27,565 [INFO] The time difference between the client and the server is within range 74.960 ms..77.606 ms
client 2023-07-31 18:02:27,565 [INFO] Copying loadgen logs from '/home/arjun/results_dir/valid_results/phoenix_Amd_Am5-reference-cpu-pytorch-v2.0.1-default_config/bert-99/offline/performance/run_1' to '/home/arjun/results_dir/valid_results/phoenix_Amd_Am5-reference-cpu-pytorch-v2.0.1-default_config/bert-99/offline/performance/tmp_power/run_1'
client 2023-07-31 18:02:27,566 [INFO] Done runs
